<?xml version="1.0" encoding="UTF-8"?>
<testng-results ignored="22" total="45" passed="19" failed="4" skipped="0">
  <reporter-output>
  </reporter-output>
  <suite started-at="2023-01-09T19:14:01 IST" name="Surefire suite" finished-at="2023-01-09T19:18:07 IST" duration-ms="245448">
    <groups>
    </groups>
    <test started-at="2023-01-09T19:14:01 IST" name="Surefire test" finished-at="2023-01-09T19:18:07 IST" duration-ms="245448">
      <class name="Flipkart.Flipkart.Test_2HomeTest">
        <test-method is-config="true" signature="launchurl(java.lang.reflect.Method)[pri:0, instance:Flipkart.Flipkart.Test_2HomeTest@2c3dec30]" started-at="2023-01-09T19:16:09 IST" name="launchurl" finished-at="2023-01-09T19:16:10 IST" duration-ms="1310" status="PASS">
          <params>
            <param index="0">
              <value>
                <![CDATA[public void Flipkart.Flipkart.Test_2HomeTest.Xyz() throws java.lang.InterruptedException]]>
              </value>
            </param>
          </params>
          <reporter-output>
          </reporter-output>
        </test-method> <!-- launchurl -->
        <test-method signature="Xyz()[pri:0, instance:Flipkart.Flipkart.Test_2HomeTest@2c3dec30]" started-at="2023-01-09T19:16:10 IST" name="Xyz" finished-at="2023-01-09T19:16:11 IST" duration-ms="385" status="PASS">
          <reporter-output>
          </reporter-output>
        </test-method> <!-- Xyz -->
        <test-method is-config="true" signature="CloseBrowser(org.testng.ITestResult)[pri:0, instance:Flipkart.Flipkart.Test_2HomeTest@2c3dec30]" started-at="2023-01-09T19:16:11 IST" name="CloseBrowser" finished-at="2023-01-09T19:16:11 IST" duration-ms="0" status="PASS">
          <params>
            <param index="0">
              <value>
                <![CDATA[[TestResult name=Xyz status=SUCCESS method=Test_2HomeTest.Xyz()[pri:0, instance:Flipkart.Flipkart.Test_2HomeTest@2c3dec30] output={null}]]]>
              </value>
            </param>
          </params>
          <reporter-output>
          </reporter-output>
        </test-method> <!-- CloseBrowser -->
      </class> <!-- Flipkart.Flipkart.Test_2HomeTest -->
      <class name="Flipkart.Flipkart.TestHeader">
        <test-method is-config="true" signature="launchurl(java.lang.reflect.Method)[pri:0, instance:Flipkart.Flipkart.TestHeader@64df9a61]" started-at="2023-01-09T19:14:42 IST" name="launchurl" finished-at="2023-01-09T19:14:44 IST" duration-ms="1615" status="PASS">
          <params>
            <param index="0">
              <value>
                <![CDATA[public void Flipkart.Flipkart.TestHeader.HeaderTest() throws java.lang.InterruptedException]]>
              </value>
            </param>
          </params>
          <reporter-output>
          </reporter-output>
        </test-method> <!-- launchurl -->
        <test-method signature="HeaderTest()[pri:1, instance:Flipkart.Flipkart.TestHeader@64df9a61]" started-at="2023-01-09T19:14:44 IST" name="HeaderTest" finished-at="2023-01-09T19:14:49 IST" duration-ms="4461" status="PASS">
          <reporter-output>
          </reporter-output>
        </test-method> <!-- HeaderTest -->
        <test-method is-config="true" signature="CloseBrowser(org.testng.ITestResult)[pri:0, instance:Flipkart.Flipkart.TestHeader@64df9a61]" started-at="2023-01-09T19:14:49 IST" name="CloseBrowser" finished-at="2023-01-09T19:14:49 IST" duration-ms="0" status="PASS">
          <params>
            <param index="0">
              <value>
                <![CDATA[[TestResult name=HeaderTest status=SUCCESS method=TestHeader.HeaderTest()[pri:1, instance:Flipkart.Flipkart.TestHeader@64df9a61] output={null}]]]>
              </value>
            </param>
          </params>
          <reporter-output>
          </reporter-output>
        </test-method> <!-- CloseBrowser -->
        <test-method is-config="true" signature="launchurl(java.lang.reflect.Method)[pri:0, instance:Flipkart.Flipkart.TestHeader@64df9a61]" started-at="2023-01-09T19:14:49 IST" name="launchurl" finished-at="2023-01-09T19:14:50 IST" duration-ms="1094" status="PASS">
          <params>
            <param index="0">
              <value>
                <![CDATA[public void Flipkart.Flipkart.TestHeader.electronic() throws java.lang.InterruptedException]]>
              </value>
            </param>
          </params>
          <reporter-output>
          </reporter-output>
        </test-method> <!-- launchurl -->
        <test-method signature="electronic()[pri:2, instance:Flipkart.Flipkart.TestHeader@64df9a61]" started-at="2023-01-09T19:14:50 IST" name="electronic" finished-at="2023-01-09T19:15:02 IST" duration-ms="12359" status="PASS">
          <reporter-output>
          </reporter-output>
        </test-method> <!-- electronic -->
        <test-method is-config="true" signature="CloseBrowser(org.testng.ITestResult)[pri:0, instance:Flipkart.Flipkart.TestHeader@64df9a61]" started-at="2023-01-09T19:15:02 IST" name="CloseBrowser" finished-at="2023-01-09T19:15:02 IST" duration-ms="0" status="PASS">
          <params>
            <param index="0">
              <value>
                <![CDATA[[TestResult name=electronic status=SUCCESS method=TestHeader.electronic()[pri:2, instance:Flipkart.Flipkart.TestHeader@64df9a61] output={null}]]]>
              </value>
            </param>
          </params>
          <reporter-output>
          </reporter-output>
        </test-method> <!-- CloseBrowser -->
        <test-method is-config="true" signature="launchurl(java.lang.reflect.Method)[pri:0, instance:Flipkart.Flipkart.TestHeader@64df9a61]" started-at="2023-01-09T19:15:02 IST" name="launchurl" finished-at="2023-01-09T19:15:03 IST" duration-ms="1046" status="PASS">
          <params>
            <param index="0">
              <value>
                <![CDATA[public void Flipkart.Flipkart.TestHeader.beauty() throws java.lang.InterruptedException]]>
              </value>
            </param>
          </params>
          <reporter-output>
          </reporter-output>
        </test-method> <!-- launchurl -->
        <test-method signature="beauty()[pri:3, instance:Flipkart.Flipkart.TestHeader@64df9a61]" started-at="2023-01-09T19:15:03 IST" name="beauty" finished-at="2023-01-09T19:15:07 IST" duration-ms="4351" status="PASS">
          <reporter-output>
          </reporter-output>
        </test-method> <!-- beauty -->
        <test-method is-config="true" signature="CloseBrowser(org.testng.ITestResult)[pri:0, instance:Flipkart.Flipkart.TestHeader@64df9a61]" started-at="2023-01-09T19:15:07 IST" name="CloseBrowser" finished-at="2023-01-09T19:15:07 IST" duration-ms="0" status="PASS">
          <params>
            <param index="0">
              <value>
                <![CDATA[[TestResult name=beauty status=SUCCESS method=TestHeader.beauty()[pri:3, instance:Flipkart.Flipkart.TestHeader@64df9a61] output={null}]]]>
              </value>
            </param>
          </params>
          <reporter-output>
          </reporter-output>
        </test-method> <!-- CloseBrowser -->
        <test-method is-config="true" signature="launchurl(java.lang.reflect.Method)[pri:0, instance:Flipkart.Flipkart.TestHeader@64df9a61]" started-at="2023-01-09T19:15:07 IST" name="launchurl" finished-at="2023-01-09T19:15:08 IST" duration-ms="1082" status="PASS">
          <params>
            <param index="0">
              <value>
                <![CDATA[public void Flipkart.Flipkart.TestHeader.offer() throws java.lang.InterruptedException]]>
              </value>
            </param>
          </params>
          <reporter-output>
          </reporter-output>
        </test-method> <!-- launchurl -->
        <test-method signature="offer()[pri:4, instance:Flipkart.Flipkart.TestHeader@64df9a61]" started-at="2023-01-09T19:15:08 IST" name="offer" finished-at="2023-01-09T19:15:17 IST" duration-ms="8175" status="PASS">
          <reporter-output>
          </reporter-output>
        </test-method> <!-- offer -->
        <test-method is-config="true" signature="CloseBrowser(org.testng.ITestResult)[pri:0, instance:Flipkart.Flipkart.TestHeader@64df9a61]" started-at="2023-01-09T19:15:17 IST" name="CloseBrowser" finished-at="2023-01-09T19:15:17 IST" duration-ms="0" status="PASS">
          <params>
            <param index="0">
              <value>
                <![CDATA[[TestResult name=offer status=SUCCESS method=TestHeader.offer()[pri:4, instance:Flipkart.Flipkart.TestHeader@64df9a61] output={null}]]]>
              </value>
            </param>
          </params>
          <reporter-output>
          </reporter-output>
        </test-method> <!-- CloseBrowser -->
        <test-method is-config="true" signature="launchurl(java.lang.reflect.Method)[pri:0, instance:Flipkart.Flipkart.TestHeader@64df9a61]" started-at="2023-01-09T19:15:17 IST" name="launchurl" finished-at="2023-01-09T19:15:18 IST" duration-ms="1132" status="PASS">
          <params>
            <param index="0">
              <value>
                <![CDATA[public void Flipkart.Flipkart.TestHeader.BecameSeller() throws java.lang.InterruptedException]]>
              </value>
            </param>
          </params>
          <reporter-output>
          </reporter-output>
        </test-method> <!-- launchurl -->
        <test-method signature="BecameSeller()[pri:5, instance:Flipkart.Flipkart.TestHeader@64df9a61]" started-at="2023-01-09T19:15:18 IST" name="BecameSeller" finished-at="2023-01-09T19:15:39 IST" duration-ms="21496" status="PASS">
          <reporter-output>
          </reporter-output>
        </test-method> <!-- BecameSeller -->
        <test-method is-config="true" signature="CloseBrowser(org.testng.ITestResult)[pri:0, instance:Flipkart.Flipkart.TestHeader@64df9a61]" started-at="2023-01-09T19:15:39 IST" name="CloseBrowser" finished-at="2023-01-09T19:15:39 IST" duration-ms="1" status="PASS">
          <params>
            <param index="0">
              <value>
                <![CDATA[[TestResult name=BecameSeller status=SUCCESS method=TestHeader.BecameSeller()[pri:5, instance:Flipkart.Flipkart.TestHeader@64df9a61] output={null}]]]>
              </value>
            </param>
          </params>
          <reporter-output>
          </reporter-output>
        </test-method> <!-- CloseBrowser -->
        <test-method is-config="true" signature="launchurl(java.lang.reflect.Method)[pri:0, instance:Flipkart.Flipkart.TestHeader@64df9a61]" started-at="2023-01-09T19:15:39 IST" name="launchurl" finished-at="2023-01-09T19:15:41 IST" duration-ms="1259" status="PASS">
          <params>
            <param index="0">
              <value>
                <![CDATA[public void Flipkart.Flipkart.TestHeader.TwoWhellers() throws java.lang.InterruptedException]]>
              </value>
            </param>
          </params>
          <reporter-output>
          </reporter-output>
        </test-method> <!-- launchurl -->
        <test-method signature="TwoWhellers()[pri:6, instance:Flipkart.Flipkart.TestHeader@64df9a61]" started-at="2023-01-09T19:15:41 IST" name="TwoWhellers" finished-at="2023-01-09T19:15:45 IST" duration-ms="4494" status="PASS">
          <reporter-output>
          </reporter-output>
        </test-method> <!-- TwoWhellers -->
        <test-method is-config="true" signature="CloseBrowser(org.testng.ITestResult)[pri:0, instance:Flipkart.Flipkart.TestHeader@64df9a61]" started-at="2023-01-09T19:15:45 IST" name="CloseBrowser" finished-at="2023-01-09T19:15:45 IST" duration-ms="0" status="PASS">
          <params>
            <param index="0">
              <value>
                <![CDATA[[TestResult name=TwoWhellers status=SUCCESS method=TestHeader.TwoWhellers()[pri:6, instance:Flipkart.Flipkart.TestHeader@64df9a61] output={null}]]]>
              </value>
            </param>
          </params>
          <reporter-output>
          </reporter-output>
        </test-method> <!-- CloseBrowser -->
      </class> <!-- Flipkart.Flipkart.TestHeader -->
      <class name="Flipkart.Flipkart.Test_6Grocery">
        <test-method is-config="true" signature="launchurl(java.lang.reflect.Method)[pri:0, instance:Flipkart.Flipkart.Test_6Grocery@4275c20c]" started-at="2023-01-09T19:16:27 IST" name="launchurl" finished-at="2023-01-09T19:16:28 IST" duration-ms="1064" status="PASS">
          <params>
            <param index="0">
              <value>
                <![CDATA[public void Flipkart.Flipkart.Test_6Grocery.Groc() throws java.lang.InterruptedException]]>
              </value>
            </param>
          </params>
          <reporter-output>
          </reporter-output>
        </test-method> <!-- launchurl -->
        <test-method signature="Groc()[pri:0, instance:Flipkart.Flipkart.Test_6Grocery@4275c20c]" started-at="2023-01-09T19:16:28 IST" name="Groc" finished-at="2023-01-09T19:16:43 IST" duration-ms="15011" status="FAIL">
          <exception class="org.openqa.selenium.NoSuchElementException">
            <message>
              <![CDATA[no such element: Unable to locate element: {"method":"xpath","selector":"/html/body/div[2]/div/div/button"}
  (Session info: chrome=108.0.5359.125)
For documentation on this error, please visit: https://selenium.dev/exceptions/#no_such_element
Build info: version: '4.4.0', revision: 'e5c75ed026a'
System info: host: 'IN-PG02NM6E', ip: '192.168.1.4', os.name: 'Windows 10', os.arch: 'amd64', os.version: '10.0', java.version: '11.0.5'
Driver info: org.openqa.selenium.chrome.ChromeDriver
Command: [6775a97a32b9feea41e3b25646d700d5, findElement {using=xpath, value=/html/body/div[2]/div/div/button}]
Capabilities {acceptInsecureCerts: false, browserName: chrome, browserVersion: 108.0.5359.125, chrome: {chromedriverVersion: 108.0.5359.71 (1e0e3868ee06..., userDataDir: C:\Users\RISHAB~1\AppData\L...}, goog:chromeOptions: {debuggerAddress: localhost:62337}, networkConnectionEnabled: false, pageLoadStrategy: normal, platformName: WINDOWS, proxy: Proxy(), se:cdp: ws://localhost:62337/devtoo..., se:cdpVersion: 108.0.5359.125, setWindowRect: true, strictFileInteractability: false, timeouts: {implicit: 0, pageLoad: 300000, script: 30000}, unhandledPromptBehavior: dismiss and notify, webauthn:extension:credBlob: true, webauthn:extension:largeBlob: true, webauthn:virtualAuthenticators: true}
Session ID: 6775a97a32b9feea41e3b25646d700d5]]>
            </message>
            <full-stacktrace>
              <![CDATA[org.openqa.selenium.NoSuchElementException: no such element: Unable to locate element: {"method":"xpath","selector":"/html/body/div[2]/div/div/button"}
  (Session info: chrome=108.0.5359.125)
For documentation on this error, please visit: https://selenium.dev/exceptions/#no_such_element
Build info: version: '4.4.0', revision: 'e5c75ed026a'
System info: host: 'IN-PG02NM6E', ip: '192.168.1.4', os.name: 'Windows 10', os.arch: 'amd64', os.version: '10.0', java.version: '11.0.5'
Driver info: org.openqa.selenium.chrome.ChromeDriver
Command: [6775a97a32b9feea41e3b25646d700d5, findElement {using=xpath, value=/html/body/div[2]/div/div/button}]
Capabilities {acceptInsecureCerts: false, browserName: chrome, browserVersion: 108.0.5359.125, chrome: {chromedriverVersion: 108.0.5359.71 (1e0e3868ee06..., userDataDir: C:\Users\RISHAB~1\AppData\L...}, goog:chromeOptions: {debuggerAddress: localhost:62337}, networkConnectionEnabled: false, pageLoadStrategy: normal, platformName: WINDOWS, proxy: Proxy(), se:cdp: ws://localhost:62337/devtoo..., se:cdpVersion: 108.0.5359.125, setWindowRect: true, strictFileInteractability: false, timeouts: {implicit: 0, pageLoad: 300000, script: 30000}, unhandledPromptBehavior: dismiss and notify, webauthn:extension:credBlob: true, webauthn:extension:largeBlob: true, webauthn:virtualAuthenticators: true}
Session ID: 6775a97a32b9feea41e3b25646d700d5
at java.base/jdk.internal.reflect.NativeConstructorAccessorImpl.newInstance0(Native Method)
at java.base/jdk.internal.reflect.NativeConstructorAccessorImpl.newInstance(NativeConstructorAccessorImpl.java:62)
at java.base/jdk.internal.reflect.DelegatingConstructorAccessorImpl.newInstance(DelegatingConstructorAccessorImpl.java:45)
at java.base/java.lang.reflect.Constructor.newInstance(Constructor.java:490)
at org.openqa.selenium.remote.codec.w3c.W3CHttpResponseCodec.createException(W3CHttpResponseCodec.java:200)
at org.openqa.selenium.remote.codec.w3c.W3CHttpResponseCodec.decode(W3CHttpResponseCodec.java:133)
at org.openqa.selenium.remote.codec.w3c.W3CHttpResponseCodec.decode(W3CHttpResponseCodec.java:53)
at org.openqa.selenium.remote.HttpCommandExecutor.execute(HttpCommandExecutor.java:184)
at org.openqa.selenium.remote.service.DriverCommandExecutor.invokeExecute(DriverCommandExecutor.java:167)
at org.openqa.selenium.remote.service.DriverCommandExecutor.execute(DriverCommandExecutor.java:142)
at org.openqa.selenium.remote.RemoteWebDriver.execute(RemoteWebDriver.java:547)
at org.openqa.selenium.remote.ElementLocation$ElementFinder$2.findElement(ElementLocation.java:162)
at org.openqa.selenium.remote.ElementLocation.findElement(ElementLocation.java:60)
at org.openqa.selenium.remote.RemoteWebDriver.findElement(RemoteWebDriver.java:365)
at org.openqa.selenium.remote.RemoteWebDriver.findElement(RemoteWebDriver.java:357)
at org.openqa.selenium.support.pagefactory.DefaultElementLocator.findElement(DefaultElementLocator.java:70)
at org.openqa.selenium.support.pagefactory.internal.LocatingElementHandler.invoke(LocatingElementHandler.java:39)
at com.sun.proxy.$Proxy16.click(Unknown Source)
at model.crossbutton.Cross(crossbutton.java:23)
at Flipkart.Flipkart.Test_6Grocery.Groc(Test_6Grocery.java:22)
at java.base/jdk.internal.reflect.NativeMethodAccessorImpl.invoke0(Native Method)
at java.base/jdk.internal.reflect.NativeMethodAccessorImpl.invoke(NativeMethodAccessorImpl.java:62)
at java.base/jdk.internal.reflect.DelegatingMethodAccessorImpl.invoke(DelegatingMethodAccessorImpl.java:43)
at java.base/java.lang.reflect.Method.invoke(Method.java:566)
at org.testng.internal.invokers.MethodInvocationHelper.invokeMethod(MethodInvocationHelper.java:139)
at org.testng.internal.invokers.TestInvoker.invokeMethod(TestInvoker.java:677)
at org.testng.internal.invokers.TestInvoker.invokeTestMethod(TestInvoker.java:221)
at org.testng.internal.invokers.MethodRunner.runInSequence(MethodRunner.java:50)
at org.testng.internal.invokers.TestInvoker$MethodInvocationAgent.invoke(TestInvoker.java:962)
at org.testng.internal.invokers.TestInvoker.invokeTestMethods(TestInvoker.java:194)
at org.testng.internal.invokers.TestMethodWorker.invokeTestMethods(TestMethodWorker.java:148)
at org.testng.internal.invokers.TestMethodWorker.run(TestMethodWorker.java:128)
at java.base/java.util.ArrayList.forEach(ArrayList.java:1540)
at org.testng.TestRunner.privateRun(TestRunner.java:806)
at org.testng.TestRunner.run(TestRunner.java:601)
at org.testng.SuiteRunner.runTest(SuiteRunner.java:433)
at org.testng.SuiteRunner.runSequentially(SuiteRunner.java:427)
at org.testng.SuiteRunner.privateRun(SuiteRunner.java:387)
at org.testng.SuiteRunner.run(SuiteRunner.java:330)
at org.testng.SuiteRunnerWorker.runSuite(SuiteRunnerWorker.java:52)
at org.testng.SuiteRunnerWorker.run(SuiteRunnerWorker.java:95)
at org.testng.TestNG.runSuitesSequentially(TestNG.java:1256)
at org.testng.TestNG.runSuitesLocally(TestNG.java:1176)
at org.testng.TestNG.runSuites(TestNG.java:1099)
at org.testng.TestNG.run(TestNG.java:1067)
at org.apache.maven.surefire.testng.TestNGExecutor.run(TestNGExecutor.java:135)
at org.apache.maven.surefire.testng.TestNGDirectoryTestSuite.executeMulti(TestNGDirectoryTestSuite.java:193)
at org.apache.maven.surefire.testng.TestNGDirectoryTestSuite.execute(TestNGDirectoryTestSuite.java:94)
at org.apache.maven.surefire.testng.TestNGProvider.invoke(TestNGProvider.java:146)
at org.apache.maven.surefire.booter.ForkedBooter.invokeProviderInSameClassLoader(ForkedBooter.java:384)
at org.apache.maven.surefire.booter.ForkedBooter.runSuitesInProcess(ForkedBooter.java:345)
at org.apache.maven.surefire.booter.ForkedBooter.execute(ForkedBooter.java:126)
at org.apache.maven.surefire.booter.ForkedBooter.main(ForkedBooter.java:418)
]]>
            </full-stacktrace>
          </exception> <!-- org.openqa.selenium.NoSuchElementException -->
          <reporter-output>
          </reporter-output>
        </test-method> <!-- Groc -->
        <test-method is-config="true" signature="CloseBrowser(org.testng.ITestResult)[pri:0, instance:Flipkart.Flipkart.Test_6Grocery@4275c20c]" started-at="2023-01-09T19:16:43 IST" name="CloseBrowser" finished-at="2023-01-09T19:16:44 IST" duration-ms="438" status="PASS">
          <params>
            <param index="0">
              <value>
                <![CDATA[[TestResult name=Groc status=FAILURE method=Test_6Grocery.Groc()[pri:0, instance:Flipkart.Flipkart.Test_6Grocery@4275c20c] output={null}]]]>
              </value>
            </param>
          </params>
          <reporter-output>
          </reporter-output>
        </test-method> <!-- CloseBrowser -->
      </class> <!-- Flipkart.Flipkart.Test_6Grocery -->
      <class name="Flipkart.Flipkart.Test_cases">
        <test-method is-config="true" signature="launchurl(java.lang.reflect.Method)[pri:0, instance:Flipkart.Flipkart.Test_cases@6731787b]" started-at="2023-01-09T19:18:00 IST" name="launchurl" finished-at="2023-01-09T19:18:01 IST" duration-ms="1295" status="PASS">
          <params>
            <param index="0">
              <value>
                <![CDATA[public void Flipkart.Flipkart.Test_cases.cases() throws java.lang.InterruptedException]]>
              </value>
            </param>
          </params>
          <reporter-output>
          </reporter-output>
        </test-method> <!-- launchurl -->
        <test-method signature="cases()[pri:1, instance:Flipkart.Flipkart.Test_cases@6731787b]" started-at="2023-01-09T19:18:01 IST" name="cases" finished-at="2023-01-09T19:18:04 IST" duration-ms="3132" status="FAIL">
          <exception class="org.openqa.selenium.ElementNotInteractableException">
            <message>
              <![CDATA[element not interactable
  (Session info: chrome=108.0.5359.125)
Build info: version: '4.4.0', revision: 'e5c75ed026a'
System info: host: 'IN-PG02NM6E', ip: '192.168.1.4', os.name: 'Windows 10', os.arch: 'amd64', os.version: '10.0', java.version: '11.0.5'
Driver info: org.openqa.selenium.chrome.ChromeDriver
Command: [6775a97a32b9feea41e3b25646d700d5, clickElement {id=3d3f7486-7eba-4b8d-b3d9-372f4d89c906}]
Capabilities {acceptInsecureCerts: false, browserName: chrome, browserVersion: 108.0.5359.125, chrome: {chromedriverVersion: 108.0.5359.71 (1e0e3868ee06..., userDataDir: C:\Users\RISHAB~1\AppData\L...}, goog:chromeOptions: {debuggerAddress: localhost:62337}, networkConnectionEnabled: false, pageLoadStrategy: normal, platformName: WINDOWS, proxy: Proxy(), se:cdp: ws://localhost:62337/devtoo..., se:cdpVersion: 108.0.5359.125, setWindowRect: true, strictFileInteractability: false, timeouts: {implicit: 0, pageLoad: 300000, script: 30000}, unhandledPromptBehavior: dismiss and notify, webauthn:extension:credBlob: true, webauthn:extension:largeBlob: true, webauthn:virtualAuthenticators: true}
Element: [[ChromeDriver: chrome on WINDOWS (6775a97a32b9feea41e3b25646d700d5)] -> xpath: //*[@id="container"]/div/footer/div/div[3]/div[1]/div[1]/a[7]]
Session ID: 6775a97a32b9feea41e3b25646d700d5]]>
            </message>
            <full-stacktrace>
              <![CDATA[org.openqa.selenium.ElementNotInteractableException: element not interactable
  (Session info: chrome=108.0.5359.125)
Build info: version: '4.4.0', revision: 'e5c75ed026a'
System info: host: 'IN-PG02NM6E', ip: '192.168.1.4', os.name: 'Windows 10', os.arch: 'amd64', os.version: '10.0', java.version: '11.0.5'
Driver info: org.openqa.selenium.chrome.ChromeDriver
Command: [6775a97a32b9feea41e3b25646d700d5, clickElement {id=3d3f7486-7eba-4b8d-b3d9-372f4d89c906}]
Capabilities {acceptInsecureCerts: false, browserName: chrome, browserVersion: 108.0.5359.125, chrome: {chromedriverVersion: 108.0.5359.71 (1e0e3868ee06..., userDataDir: C:\Users\RISHAB~1\AppData\L...}, goog:chromeOptions: {debuggerAddress: localhost:62337}, networkConnectionEnabled: false, pageLoadStrategy: normal, platformName: WINDOWS, proxy: Proxy(), se:cdp: ws://localhost:62337/devtoo..., se:cdpVersion: 108.0.5359.125, setWindowRect: true, strictFileInteractability: false, timeouts: {implicit: 0, pageLoad: 300000, script: 30000}, unhandledPromptBehavior: dismiss and notify, webauthn:extension:credBlob: true, webauthn:extension:largeBlob: true, webauthn:virtualAuthenticators: true}
Element: [[ChromeDriver: chrome on WINDOWS (6775a97a32b9feea41e3b25646d700d5)] -> xpath: //*[@id="container"]/div/footer/div/div[3]/div[1]/div[1]/a[7]]
Session ID: 6775a97a32b9feea41e3b25646d700d5
at java.base/jdk.internal.reflect.NativeConstructorAccessorImpl.newInstance0(Native Method)
at java.base/jdk.internal.reflect.NativeConstructorAccessorImpl.newInstance(NativeConstructorAccessorImpl.java:62)
at java.base/jdk.internal.reflect.DelegatingConstructorAccessorImpl.newInstance(DelegatingConstructorAccessorImpl.java:45)
at java.base/java.lang.reflect.Constructor.newInstance(Constructor.java:490)
at org.openqa.selenium.remote.codec.w3c.W3CHttpResponseCodec.createException(W3CHttpResponseCodec.java:200)
at org.openqa.selenium.remote.codec.w3c.W3CHttpResponseCodec.decode(W3CHttpResponseCodec.java:133)
at org.openqa.selenium.remote.codec.w3c.W3CHttpResponseCodec.decode(W3CHttpResponseCodec.java:53)
at org.openqa.selenium.remote.HttpCommandExecutor.execute(HttpCommandExecutor.java:184)
at org.openqa.selenium.remote.service.DriverCommandExecutor.invokeExecute(DriverCommandExecutor.java:167)
at org.openqa.selenium.remote.service.DriverCommandExecutor.execute(DriverCommandExecutor.java:142)
at org.openqa.selenium.remote.RemoteWebDriver.execute(RemoteWebDriver.java:547)
at org.openqa.selenium.remote.RemoteWebElement.execute(RemoteWebElement.java:257)
at org.openqa.selenium.remote.RemoteWebElement.click(RemoteWebElement.java:78)
at jdk.internal.reflect.GeneratedMethodAccessor6.invoke(Unknown Source)
at java.base/jdk.internal.reflect.DelegatingMethodAccessorImpl.invoke(DelegatingMethodAccessorImpl.java:43)
at java.base/java.lang.reflect.Method.invoke(Method.java:566)
at org.openqa.selenium.support.pagefactory.internal.LocatingElementHandler.invoke(LocatingElementHandler.java:52)
at com.sun.proxy.$Proxy16.click(Unknown Source)
at model.cases.corporatehit(cases.java:27)
at Flipkart.Flipkart.Test_cases.cases(Test_cases.java:35)
at java.base/jdk.internal.reflect.NativeMethodAccessorImpl.invoke0(Native Method)
at java.base/jdk.internal.reflect.NativeMethodAccessorImpl.invoke(NativeMethodAccessorImpl.java:62)
at java.base/jdk.internal.reflect.DelegatingMethodAccessorImpl.invoke(DelegatingMethodAccessorImpl.java:43)
at java.base/java.lang.reflect.Method.invoke(Method.java:566)
at org.testng.internal.invokers.MethodInvocationHelper.invokeMethod(MethodInvocationHelper.java:139)
at org.testng.internal.invokers.TestInvoker.invokeMethod(TestInvoker.java:677)
at org.testng.internal.invokers.TestInvoker.invokeTestMethod(TestInvoker.java:221)
at org.testng.internal.invokers.MethodRunner.runInSequence(MethodRunner.java:50)
at org.testng.internal.invokers.TestInvoker$MethodInvocationAgent.invoke(TestInvoker.java:962)
at org.testng.internal.invokers.TestInvoker.invokeTestMethods(TestInvoker.java:194)
at org.testng.internal.invokers.TestMethodWorker.invokeTestMethods(TestMethodWorker.java:148)
at org.testng.internal.invokers.TestMethodWorker.run(TestMethodWorker.java:128)
at java.base/java.util.ArrayList.forEach(ArrayList.java:1540)
at org.testng.TestRunner.privateRun(TestRunner.java:806)
at org.testng.TestRunner.run(TestRunner.java:601)
at org.testng.SuiteRunner.runTest(SuiteRunner.java:433)
at org.testng.SuiteRunner.runSequentially(SuiteRunner.java:427)
at org.testng.SuiteRunner.privateRun(SuiteRunner.java:387)
at org.testng.SuiteRunner.run(SuiteRunner.java:330)
at org.testng.SuiteRunnerWorker.runSuite(SuiteRunnerWorker.java:52)
at org.testng.SuiteRunnerWorker.run(SuiteRunnerWorker.java:95)
at org.testng.TestNG.runSuitesSequentially(TestNG.java:1256)
at org.testng.TestNG.runSuitesLocally(TestNG.java:1176)
at org.testng.TestNG.runSuites(TestNG.java:1099)
at org.testng.TestNG.run(TestNG.java:1067)
at org.apache.maven.surefire.testng.TestNGExecutor.run(TestNGExecutor.java:135)
at org.apache.maven.surefire.testng.TestNGDirectoryTestSuite.executeMulti(TestNGDirectoryTestSuite.java:193)
at org.apache.maven.surefire.testng.TestNGDirectoryTestSuite.execute(TestNGDirectoryTestSuite.java:94)
at org.apache.maven.surefire.testng.TestNGProvider.invoke(TestNGProvider.java:146)
at org.apache.maven.surefire.booter.ForkedBooter.invokeProviderInSameClassLoader(ForkedBooter.java:384)
at org.apache.maven.surefire.booter.ForkedBooter.runSuitesInProcess(ForkedBooter.java:345)
at org.apache.maven.surefire.booter.ForkedBooter.execute(ForkedBooter.java:126)
at org.apache.maven.surefire.booter.ForkedBooter.main(ForkedBooter.java:418)
]]>
            </full-stacktrace>
          </exception> <!-- org.openqa.selenium.ElementNotInteractableException -->
          <reporter-output>
          </reporter-output>
        </test-method> <!-- cases -->
        <test-method is-config="true" signature="CloseBrowser(org.testng.ITestResult)[pri:0, instance:Flipkart.Flipkart.Test_cases@6731787b]" started-at="2023-01-09T19:18:04 IST" name="CloseBrowser" finished-at="2023-01-09T19:18:04 IST" duration-ms="227" status="PASS">
          <params>
            <param index="0">
              <value>
                <![CDATA[[TestResult name=cases status=FAILURE method=Test_cases.cases()[pri:1, instance:Flipkart.Flipkart.Test_cases@6731787b] output={null}]]]>
              </value>
            </param>
          </params>
          <reporter-output>
          </reporter-output>
        </test-method> <!-- CloseBrowser -->
        <test-method is-config="true" signature="launchurl(java.lang.reflect.Method)[pri:0, instance:Flipkart.Flipkart.Test_cases@6731787b]" started-at="2023-01-09T19:18:04 IST" name="launchurl" finished-at="2023-01-09T19:18:06 IST" duration-ms="1154" status="PASS">
          <params>
            <param index="0">
              <value>
                <![CDATA[public void Flipkart.Flipkart.Test_cases.verifyTitle()]]>
              </value>
            </param>
          </params>
          <reporter-output>
          </reporter-output>
        </test-method> <!-- launchurl -->
        <test-method signature="verifyTitle()[pri:3, instance:Flipkart.Flipkart.Test_cases@6731787b]" started-at="2023-01-09T19:18:06 IST" name="verifyTitle" finished-at="2023-01-09T19:18:06 IST" duration-ms="15" status="PASS">
          <reporter-output>
          </reporter-output>
        </test-method> <!-- verifyTitle -->
        <test-method is-config="true" signature="CloseBrowser(org.testng.ITestResult)[pri:0, instance:Flipkart.Flipkart.Test_cases@6731787b]" started-at="2023-01-09T19:18:06 IST" name="CloseBrowser" finished-at="2023-01-09T19:18:06 IST" duration-ms="0" status="PASS">
          <params>
            <param index="0">
              <value>
                <![CDATA[[TestResult name=verifyTitle status=SUCCESS method=Test_cases.verifyTitle()[pri:3, instance:Flipkart.Flipkart.Test_cases@6731787b] output={null}]]]>
              </value>
            </param>
          </params>
          <reporter-output>
          </reporter-output>
        </test-method> <!-- CloseBrowser -->
        <test-method is-config="true" signature="launchurl(java.lang.reflect.Method)[pri:0, instance:Flipkart.Flipkart.Test_cases@6731787b]" started-at="2023-01-09T19:18:06 IST" name="launchurl" finished-at="2023-01-09T19:18:07 IST" duration-ms="1228" status="PASS">
          <params>
            <param index="0">
              <value>
                <![CDATA[public void Flipkart.Flipkart.Test_cases.verifyLogo()]]>
              </value>
            </param>
          </params>
          <reporter-output>
          </reporter-output>
        </test-method> <!-- launchurl -->
        <test-method signature="verifyLogo()[pri:4, instance:Flipkart.Flipkart.Test_cases@6731787b]" started-at="2023-01-09T19:18:07 IST" name="verifyLogo" finished-at="2023-01-09T19:18:07 IST" duration-ms="49" status="PASS">
          <reporter-output>
          </reporter-output>
        </test-method> <!-- verifyLogo -->
        <test-method is-config="true" signature="CloseBrowser(org.testng.ITestResult)[pri:0, instance:Flipkart.Flipkart.Test_cases@6731787b]" started-at="2023-01-09T19:18:07 IST" name="CloseBrowser" finished-at="2023-01-09T19:18:07 IST" duration-ms="1" status="PASS">
          <params>
            <param index="0">
              <value>
                <![CDATA[[TestResult name=verifyLogo status=SUCCESS method=Test_cases.verifyLogo()[pri:4, instance:Flipkart.Flipkart.Test_cases@6731787b] output={null}]]]>
              </value>
            </param>
          </params>
          <reporter-output>
          </reporter-output>
        </test-method> <!-- CloseBrowser -->
      </class> <!-- Flipkart.Flipkart.Test_cases -->
      <class name="Flipkart.Flipkart.Test_Cart">
        <test-method is-config="true" signature="launchurl(java.lang.reflect.Method)[pri:0, instance:Flipkart.Flipkart.Test_Cart@2cac4385]" started-at="2023-01-09T19:17:18 IST" name="launchurl" finished-at="2023-01-09T19:17:19 IST" duration-ms="1352" status="PASS">
          <params>
            <param index="0">
              <value>
                <![CDATA[public void Flipkart.Flipkart.Test_Cart.addToCart() throws java.lang.InterruptedException]]>
              </value>
            </param>
          </params>
          <reporter-output>
          </reporter-output>
        </test-method> <!-- launchurl -->
        <test-method signature="addToCart()[pri:0, instance:Flipkart.Flipkart.Test_Cart@2cac4385]" started-at="2023-01-09T19:17:19 IST" name="addToCart" finished-at="2023-01-09T19:18:00 IST" duration-ms="40475" status="PASS">
          <reporter-output>
          </reporter-output>
        </test-method> <!-- addToCart -->
        <test-method is-config="true" signature="CloseBrowser(org.testng.ITestResult)[pri:0, instance:Flipkart.Flipkart.Test_Cart@2cac4385]" started-at="2023-01-09T19:18:00 IST" name="CloseBrowser" finished-at="2023-01-09T19:18:00 IST" duration-ms="0" status="PASS">
          <params>
            <param index="0">
              <value>
                <![CDATA[[TestResult name=addToCart status=SUCCESS method=Test_Cart.addToCart()[pri:0, instance:Flipkart.Flipkart.Test_Cart@2cac4385] output={null}]]]>
              </value>
            </param>
          </params>
          <reporter-output>
          </reporter-output>
        </test-method> <!-- CloseBrowser -->
      </class> <!-- Flipkart.Flipkart.Test_Cart -->
      <class name="Flipkart.Flipkart.Test_AllTestCases">
        <test-method is-config="true" signature="launchurl(java.lang.reflect.Method)[pri:0, instance:Flipkart.Flipkart.Test_AllTestCases@40258c2f]" started-at="2023-01-09T19:17:00 IST" name="launchurl" finished-at="2023-01-09T19:17:01 IST" duration-ms="1079" status="PASS">
          <params>
            <param index="0">
              <value>
                <![CDATA[public void Flipkart.Flipkart.Test_AllTestCases.first() throws java.lang.InterruptedException]]>
              </value>
            </param>
          </params>
          <reporter-output>
          </reporter-output>
        </test-method> <!-- launchurl -->
        <test-method signature="first()[pri:1, instance:Flipkart.Flipkart.Test_AllTestCases@40258c2f]" started-at="2023-01-09T19:17:01 IST" name="first" finished-at="2023-01-09T19:17:05 IST" duration-ms="3764" status="PASS">
          <reporter-output>
          </reporter-output>
        </test-method> <!-- first -->
        <test-method is-config="true" signature="CloseBrowser(org.testng.ITestResult)[pri:0, instance:Flipkart.Flipkart.Test_AllTestCases@40258c2f]" started-at="2023-01-09T19:17:05 IST" name="CloseBrowser" finished-at="2023-01-09T19:17:05 IST" duration-ms="1" status="PASS">
          <params>
            <param index="0">
              <value>
                <![CDATA[[TestResult name=first status=SUCCESS method=Test_AllTestCases.first()[pri:1, instance:Flipkart.Flipkart.Test_AllTestCases@40258c2f] output={null}]]]>
              </value>
            </param>
          </params>
          <reporter-output>
          </reporter-output>
        </test-method> <!-- CloseBrowser -->
        <test-method is-config="true" signature="launchurl(java.lang.reflect.Method)[pri:0, instance:Flipkart.Flipkart.Test_AllTestCases@40258c2f]" started-at="2023-01-09T19:17:05 IST" name="launchurl" finished-at="2023-01-09T19:17:06 IST" duration-ms="1148" status="PASS">
          <params>
            <param index="0">
              <value>
                <![CDATA[public void Flipkart.Flipkart.Test_AllTestCases.second() throws java.lang.InterruptedException]]>
              </value>
            </param>
          </params>
          <reporter-output>
          </reporter-output>
        </test-method> <!-- launchurl -->
        <test-method signature="second()[pri:2, instance:Flipkart.Flipkart.Test_AllTestCases@40258c2f]" started-at="2023-01-09T19:17:06 IST" name="second" finished-at="2023-01-09T19:17:08 IST" duration-ms="2070" status="PASS">
          <reporter-output>
          </reporter-output>
        </test-method> <!-- second -->
        <test-method is-config="true" signature="CloseBrowser(org.testng.ITestResult)[pri:0, instance:Flipkart.Flipkart.Test_AllTestCases@40258c2f]" started-at="2023-01-09T19:17:08 IST" name="CloseBrowser" finished-at="2023-01-09T19:17:08 IST" duration-ms="1" status="PASS">
          <params>
            <param index="0">
              <value>
                <![CDATA[[TestResult name=second status=SUCCESS method=Test_AllTestCases.second()[pri:2, instance:Flipkart.Flipkart.Test_AllTestCases@40258c2f] output={null}]]]>
              </value>
            </param>
          </params>
          <reporter-output>
          </reporter-output>
        </test-method> <!-- CloseBrowser -->
        <test-method is-config="true" signature="launchurl(java.lang.reflect.Method)[pri:0, instance:Flipkart.Flipkart.Test_AllTestCases@40258c2f]" started-at="2023-01-09T19:17:08 IST" name="launchurl" finished-at="2023-01-09T19:17:09 IST" duration-ms="1079" status="PASS">
          <params>
            <param index="0">
              <value>
                <![CDATA[public void Flipkart.Flipkart.Test_AllTestCases.Third() throws java.lang.InterruptedException]]>
              </value>
            </param>
          </params>
          <reporter-output>
          </reporter-output>
        </test-method> <!-- launchurl -->
        <test-method signature="Third()[pri:3, instance:Flipkart.Flipkart.Test_AllTestCases@40258c2f]" started-at="2023-01-09T19:17:09 IST" name="Third" finished-at="2023-01-09T19:17:14 IST" duration-ms="5100" status="PASS">
          <reporter-output>
          </reporter-output>
        </test-method> <!-- Third -->
        <test-method is-config="true" signature="CloseBrowser(org.testng.ITestResult)[pri:0, instance:Flipkart.Flipkart.Test_AllTestCases@40258c2f]" started-at="2023-01-09T19:17:14 IST" name="CloseBrowser" finished-at="2023-01-09T19:17:14 IST" duration-ms="0" status="PASS">
          <params>
            <param index="0">
              <value>
                <![CDATA[[TestResult name=Third status=SUCCESS method=Test_AllTestCases.Third()[pri:3, instance:Flipkart.Flipkart.Test_AllTestCases@40258c2f] output={null}]]]>
              </value>
            </param>
          </params>
          <reporter-output>
          </reporter-output>
        </test-method> <!-- CloseBrowser -->
        <test-method is-config="true" signature="launchurl(java.lang.reflect.Method)[pri:0, instance:Flipkart.Flipkart.Test_AllTestCases@40258c2f]" started-at="2023-01-09T19:17:14 IST" name="launchurl" finished-at="2023-01-09T19:17:15 IST" duration-ms="1110" status="PASS">
          <params>
            <param index="0">
              <value>
                <![CDATA[public void Flipkart.Flipkart.Test_AllTestCases.fifth() throws java.lang.InterruptedException]]>
              </value>
            </param>
          </params>
          <reporter-output>
          </reporter-output>
        </test-method> <!-- launchurl -->
        <test-method signature="fifth()[pri:4, instance:Flipkart.Flipkart.Test_AllTestCases@40258c2f]" started-at="2023-01-09T19:17:15 IST" name="fifth" finished-at="2023-01-09T19:17:18 IST" duration-ms="2707" status="PASS">
          <reporter-output>
          </reporter-output>
        </test-method> <!-- fifth -->
        <test-method is-config="true" signature="CloseBrowser(org.testng.ITestResult)[pri:0, instance:Flipkart.Flipkart.Test_AllTestCases@40258c2f]" started-at="2023-01-09T19:17:18 IST" name="CloseBrowser" finished-at="2023-01-09T19:17:18 IST" duration-ms="1" status="PASS">
          <params>
            <param index="0">
              <value>
                <![CDATA[[TestResult name=fifth status=SUCCESS method=Test_AllTestCases.fifth()[pri:4, instance:Flipkart.Flipkart.Test_AllTestCases@40258c2f] output={null}]]]>
              </value>
            </param>
          </params>
          <reporter-output>
          </reporter-output>
        </test-method> <!-- CloseBrowser -->
      </class> <!-- Flipkart.Flipkart.Test_AllTestCases -->
      <class name="Flipkart.Flipkart.Test_3Searchitem">
        <test-method is-config="true" signature="launchurl(java.lang.reflect.Method)[pri:0, instance:Flipkart.Flipkart.Test_3Searchitem@34a97744]" started-at="2023-01-09T19:16:11 IST" name="launchurl" finished-at="2023-01-09T19:16:12 IST" duration-ms="1269" status="PASS">
          <params>
            <param index="0">
              <value>
                <![CDATA[public void Flipkart.Flipkart.Test_3Searchitem.yzx() throws java.lang.InterruptedException]]>
              </value>
            </param>
          </params>
          <reporter-output>
          </reporter-output>
        </test-method> <!-- launchurl -->
        <test-method signature="yzx()[pri:0, instance:Flipkart.Flipkart.Test_3Searchitem@34a97744]" started-at="2023-01-09T19:16:12 IST" name="yzx" finished-at="2023-01-09T19:16:27 IST" duration-ms="15022" status="FAIL">
          <exception class="org.openqa.selenium.NoSuchElementException">
            <message>
              <![CDATA[no such element: Unable to locate element: {"method":"xpath","selector":"/html/body/div[2]/div/div/button"}
  (Session info: chrome=108.0.5359.125)
For documentation on this error, please visit: https://selenium.dev/exceptions/#no_such_element
Build info: version: '4.4.0', revision: 'e5c75ed026a'
System info: host: 'IN-PG02NM6E', ip: '192.168.1.4', os.name: 'Windows 10', os.arch: 'amd64', os.version: '10.0', java.version: '11.0.5'
Driver info: org.openqa.selenium.chrome.ChromeDriver
Command: [6775a97a32b9feea41e3b25646d700d5, findElement {using=xpath, value=/html/body/div[2]/div/div/button}]
Capabilities {acceptInsecureCerts: false, browserName: chrome, browserVersion: 108.0.5359.125, chrome: {chromedriverVersion: 108.0.5359.71 (1e0e3868ee06..., userDataDir: C:\Users\RISHAB~1\AppData\L...}, goog:chromeOptions: {debuggerAddress: localhost:62337}, networkConnectionEnabled: false, pageLoadStrategy: normal, platformName: WINDOWS, proxy: Proxy(), se:cdp: ws://localhost:62337/devtoo..., se:cdpVersion: 108.0.5359.125, setWindowRect: true, strictFileInteractability: false, timeouts: {implicit: 0, pageLoad: 300000, script: 30000}, unhandledPromptBehavior: dismiss and notify, webauthn:extension:credBlob: true, webauthn:extension:largeBlob: true, webauthn:virtualAuthenticators: true}
Session ID: 6775a97a32b9feea41e3b25646d700d5]]>
            </message>
            <full-stacktrace>
              <![CDATA[org.openqa.selenium.NoSuchElementException: no such element: Unable to locate element: {"method":"xpath","selector":"/html/body/div[2]/div/div/button"}
  (Session info: chrome=108.0.5359.125)
For documentation on this error, please visit: https://selenium.dev/exceptions/#no_such_element
Build info: version: '4.4.0', revision: 'e5c75ed026a'
System info: host: 'IN-PG02NM6E', ip: '192.168.1.4', os.name: 'Windows 10', os.arch: 'amd64', os.version: '10.0', java.version: '11.0.5'
Driver info: org.openqa.selenium.chrome.ChromeDriver
Command: [6775a97a32b9feea41e3b25646d700d5, findElement {using=xpath, value=/html/body/div[2]/div/div/button}]
Capabilities {acceptInsecureCerts: false, browserName: chrome, browserVersion: 108.0.5359.125, chrome: {chromedriverVersion: 108.0.5359.71 (1e0e3868ee06..., userDataDir: C:\Users\RISHAB~1\AppData\L...}, goog:chromeOptions: {debuggerAddress: localhost:62337}, networkConnectionEnabled: false, pageLoadStrategy: normal, platformName: WINDOWS, proxy: Proxy(), se:cdp: ws://localhost:62337/devtoo..., se:cdpVersion: 108.0.5359.125, setWindowRect: true, strictFileInteractability: false, timeouts: {implicit: 0, pageLoad: 300000, script: 30000}, unhandledPromptBehavior: dismiss and notify, webauthn:extension:credBlob: true, webauthn:extension:largeBlob: true, webauthn:virtualAuthenticators: true}
Session ID: 6775a97a32b9feea41e3b25646d700d5
at java.base/jdk.internal.reflect.NativeConstructorAccessorImpl.newInstance0(Native Method)
at java.base/jdk.internal.reflect.NativeConstructorAccessorImpl.newInstance(NativeConstructorAccessorImpl.java:62)
at java.base/jdk.internal.reflect.DelegatingConstructorAccessorImpl.newInstance(DelegatingConstructorAccessorImpl.java:45)
at java.base/java.lang.reflect.Constructor.newInstance(Constructor.java:490)
at org.openqa.selenium.remote.codec.w3c.W3CHttpResponseCodec.createException(W3CHttpResponseCodec.java:200)
at org.openqa.selenium.remote.codec.w3c.W3CHttpResponseCodec.decode(W3CHttpResponseCodec.java:133)
at org.openqa.selenium.remote.codec.w3c.W3CHttpResponseCodec.decode(W3CHttpResponseCodec.java:53)
at org.openqa.selenium.remote.HttpCommandExecutor.execute(HttpCommandExecutor.java:184)
at org.openqa.selenium.remote.service.DriverCommandExecutor.invokeExecute(DriverCommandExecutor.java:167)
at org.openqa.selenium.remote.service.DriverCommandExecutor.execute(DriverCommandExecutor.java:142)
at org.openqa.selenium.remote.RemoteWebDriver.execute(RemoteWebDriver.java:547)
at org.openqa.selenium.remote.ElementLocation$ElementFinder$2.findElement(ElementLocation.java:162)
at org.openqa.selenium.remote.ElementLocation.findElement(ElementLocation.java:60)
at org.openqa.selenium.remote.RemoteWebDriver.findElement(RemoteWebDriver.java:365)
at org.openqa.selenium.remote.RemoteWebDriver.findElement(RemoteWebDriver.java:357)
at org.openqa.selenium.support.pagefactory.DefaultElementLocator.findElement(DefaultElementLocator.java:70)
at org.openqa.selenium.support.pagefactory.internal.LocatingElementHandler.invoke(LocatingElementHandler.java:39)
at com.sun.proxy.$Proxy16.click(Unknown Source)
at model.crossbutton.Cross(crossbutton.java:23)
at Flipkart.Flipkart.Test_3Searchitem.yzx(Test_3Searchitem.java:29)
at java.base/jdk.internal.reflect.NativeMethodAccessorImpl.invoke0(Native Method)
at java.base/jdk.internal.reflect.NativeMethodAccessorImpl.invoke(NativeMethodAccessorImpl.java:62)
at java.base/jdk.internal.reflect.DelegatingMethodAccessorImpl.invoke(DelegatingMethodAccessorImpl.java:43)
at java.base/java.lang.reflect.Method.invoke(Method.java:566)
at org.testng.internal.invokers.MethodInvocationHelper.invokeMethod(MethodInvocationHelper.java:139)
at org.testng.internal.invokers.TestInvoker.invokeMethod(TestInvoker.java:677)
at org.testng.internal.invokers.TestInvoker.invokeTestMethod(TestInvoker.java:221)
at org.testng.internal.invokers.MethodRunner.runInSequence(MethodRunner.java:50)
at org.testng.internal.invokers.TestInvoker$MethodInvocationAgent.invoke(TestInvoker.java:962)
at org.testng.internal.invokers.TestInvoker.invokeTestMethods(TestInvoker.java:194)
at org.testng.internal.invokers.TestMethodWorker.invokeTestMethods(TestMethodWorker.java:148)
at org.testng.internal.invokers.TestMethodWorker.run(TestMethodWorker.java:128)
at java.base/java.util.ArrayList.forEach(ArrayList.java:1540)
at org.testng.TestRunner.privateRun(TestRunner.java:806)
at org.testng.TestRunner.run(TestRunner.java:601)
at org.testng.SuiteRunner.runTest(SuiteRunner.java:433)
at org.testng.SuiteRunner.runSequentially(SuiteRunner.java:427)
at org.testng.SuiteRunner.privateRun(SuiteRunner.java:387)
at org.testng.SuiteRunner.run(SuiteRunner.java:330)
at org.testng.SuiteRunnerWorker.runSuite(SuiteRunnerWorker.java:52)
at org.testng.SuiteRunnerWorker.run(SuiteRunnerWorker.java:95)
at org.testng.TestNG.runSuitesSequentially(TestNG.java:1256)
at org.testng.TestNG.runSuitesLocally(TestNG.java:1176)
at org.testng.TestNG.runSuites(TestNG.java:1099)
at org.testng.TestNG.run(TestNG.java:1067)
at org.apache.maven.surefire.testng.TestNGExecutor.run(TestNGExecutor.java:135)
at org.apache.maven.surefire.testng.TestNGDirectoryTestSuite.executeMulti(TestNGDirectoryTestSuite.java:193)
at org.apache.maven.surefire.testng.TestNGDirectoryTestSuite.execute(TestNGDirectoryTestSuite.java:94)
at org.apache.maven.surefire.testng.TestNGProvider.invoke(TestNGProvider.java:146)
at org.apache.maven.surefire.booter.ForkedBooter.invokeProviderInSameClassLoader(ForkedBooter.java:384)
at org.apache.maven.surefire.booter.ForkedBooter.runSuitesInProcess(ForkedBooter.java:345)
at org.apache.maven.surefire.booter.ForkedBooter.execute(ForkedBooter.java:126)
at org.apache.maven.surefire.booter.ForkedBooter.main(ForkedBooter.java:418)
]]>
            </full-stacktrace>
          </exception> <!-- org.openqa.selenium.NoSuchElementException -->
          <reporter-output>
          </reporter-output>
        </test-method> <!-- yzx -->
        <test-method is-config="true" signature="CloseBrowser(org.testng.ITestResult)[pri:0, instance:Flipkart.Flipkart.Test_3Searchitem@34a97744]" started-at="2023-01-09T19:16:27 IST" name="CloseBrowser" finished-at="2023-01-09T19:16:27 IST" duration-ms="375" status="PASS">
          <params>
            <param index="0">
              <value>
                <![CDATA[[TestResult name=yzx status=FAILURE method=Test_3Searchitem.yzx()[pri:0, instance:Flipkart.Flipkart.Test_3Searchitem@34a97744] output={null}]]]>
              </value>
            </param>
          </params>
          <reporter-output>
          </reporter-output>
        </test-method> <!-- CloseBrowser -->
      </class> <!-- Flipkart.Flipkart.Test_3Searchitem -->
      <class name="Flipkart.Flipkart.Rest_TestCase">
        <test-method is-config="true" signature="launchBrowser()[pri:0, instance:Flipkart.Flipkart.Rest_TestCase@58e6d4b8]" started-at="2023-01-09T19:13:57 IST" name="launchBrowser" finished-at="2023-01-09T19:14:01 IST" duration-ms="4486" status="PASS">
          <reporter-output>
          </reporter-output>
        </test-method> <!-- launchBrowser -->
        <test-method is-config="true" signature="launchurl(java.lang.reflect.Method)[pri:0, instance:Flipkart.Flipkart.Rest_TestCase@58e6d4b8]" started-at="2023-01-09T19:14:01 IST" name="launchurl" finished-at="2023-01-09T19:14:27 IST" duration-ms="25571" status="PASS">
          <params>
            <param index="0">
              <value>
                <![CDATA[public void Flipkart.Flipkart.Rest_TestCase.faqcase() throws java.lang.InterruptedException]]>
              </value>
            </param>
          </params>
          <reporter-output>
          </reporter-output>
        </test-method> <!-- launchurl -->
        <test-method signature="faqcase()[pri:0, instance:Flipkart.Flipkart.Rest_TestCase@58e6d4b8]" started-at="2023-01-09T19:14:27 IST" name="faqcase" finished-at="2023-01-09T19:14:42 IST" duration-ms="15139" status="FAIL">
          <exception class="org.openqa.selenium.ElementNotInteractableException">
            <message>
              <![CDATA[element not interactable
  (Session info: chrome=108.0.5359.125)
Build info: version: '4.4.0', revision: 'e5c75ed026a'
System info: host: 'IN-PG02NM6E', ip: '192.168.1.4', os.name: 'Windows 10', os.arch: 'amd64', os.version: '10.0', java.version: '11.0.5'
Driver info: org.openqa.selenium.chrome.ChromeDriver
Command: [6775a97a32b9feea41e3b25646d700d5, clickElement {id=005ccbe3-36c9-47d1-8dfd-b05f0d7a54cb}]
Capabilities {acceptInsecureCerts: false, browserName: chrome, browserVersion: 108.0.5359.125, chrome: {chromedriverVersion: 108.0.5359.71 (1e0e3868ee06..., userDataDir: C:\Users\RISHAB~1\AppData\L...}, goog:chromeOptions: {debuggerAddress: localhost:62337}, networkConnectionEnabled: false, pageLoadStrategy: normal, platformName: WINDOWS, proxy: Proxy(), se:cdp: ws://localhost:62337/devtoo..., se:cdpVersion: 108.0.5359.125, setWindowRect: true, strictFileInteractability: false, timeouts: {implicit: 0, pageLoad: 300000, script: 30000}, unhandledPromptBehavior: dismiss and notify, webauthn:extension:credBlob: true, webauthn:extension:largeBlob: true, webauthn:virtualAuthenticators: true}
Element: [[ChromeDriver: chrome on WINDOWS (6775a97a32b9feea41e3b25646d700d5)] -> xpath: //*[@id="container"]/div/footer/div/div[3]/div[1]/div[2]/a[4]]
Session ID: 6775a97a32b9feea41e3b25646d700d5]]>
            </message>
            <full-stacktrace>
              <![CDATA[org.openqa.selenium.ElementNotInteractableException: element not interactable
  (Session info: chrome=108.0.5359.125)
Build info: version: '4.4.0', revision: 'e5c75ed026a'
System info: host: 'IN-PG02NM6E', ip: '192.168.1.4', os.name: 'Windows 10', os.arch: 'amd64', os.version: '10.0', java.version: '11.0.5'
Driver info: org.openqa.selenium.chrome.ChromeDriver
Command: [6775a97a32b9feea41e3b25646d700d5, clickElement {id=005ccbe3-36c9-47d1-8dfd-b05f0d7a54cb}]
Capabilities {acceptInsecureCerts: false, browserName: chrome, browserVersion: 108.0.5359.125, chrome: {chromedriverVersion: 108.0.5359.71 (1e0e3868ee06..., userDataDir: C:\Users\RISHAB~1\AppData\L...}, goog:chromeOptions: {debuggerAddress: localhost:62337}, networkConnectionEnabled: false, pageLoadStrategy: normal, platformName: WINDOWS, proxy: Proxy(), se:cdp: ws://localhost:62337/devtoo..., se:cdpVersion: 108.0.5359.125, setWindowRect: true, strictFileInteractability: false, timeouts: {implicit: 0, pageLoad: 300000, script: 30000}, unhandledPromptBehavior: dismiss and notify, webauthn:extension:credBlob: true, webauthn:extension:largeBlob: true, webauthn:virtualAuthenticators: true}
Element: [[ChromeDriver: chrome on WINDOWS (6775a97a32b9feea41e3b25646d700d5)] -> xpath: //*[@id="container"]/div/footer/div/div[3]/div[1]/div[2]/a[4]]
Session ID: 6775a97a32b9feea41e3b25646d700d5
at java.base/jdk.internal.reflect.NativeConstructorAccessorImpl.newInstance0(Native Method)
at java.base/jdk.internal.reflect.NativeConstructorAccessorImpl.newInstance(NativeConstructorAccessorImpl.java:62)
at java.base/jdk.internal.reflect.DelegatingConstructorAccessorImpl.newInstance(DelegatingConstructorAccessorImpl.java:45)
at java.base/java.lang.reflect.Constructor.newInstance(Constructor.java:490)
at org.openqa.selenium.remote.codec.w3c.W3CHttpResponseCodec.createException(W3CHttpResponseCodec.java:200)
at org.openqa.selenium.remote.codec.w3c.W3CHttpResponseCodec.decode(W3CHttpResponseCodec.java:133)
at org.openqa.selenium.remote.codec.w3c.W3CHttpResponseCodec.decode(W3CHttpResponseCodec.java:53)
at org.openqa.selenium.remote.HttpCommandExecutor.execute(HttpCommandExecutor.java:184)
at org.openqa.selenium.remote.service.DriverCommandExecutor.invokeExecute(DriverCommandExecutor.java:167)
at org.openqa.selenium.remote.service.DriverCommandExecutor.execute(DriverCommandExecutor.java:142)
at org.openqa.selenium.remote.RemoteWebDriver.execute(RemoteWebDriver.java:547)
at org.openqa.selenium.remote.RemoteWebElement.execute(RemoteWebElement.java:257)
at org.openqa.selenium.remote.RemoteWebElement.click(RemoteWebElement.java:78)
at java.base/jdk.internal.reflect.NativeMethodAccessorImpl.invoke0(Native Method)
at java.base/jdk.internal.reflect.NativeMethodAccessorImpl.invoke(NativeMethodAccessorImpl.java:62)
at java.base/jdk.internal.reflect.DelegatingMethodAccessorImpl.invoke(DelegatingMethodAccessorImpl.java:43)
at java.base/java.lang.reflect.Method.invoke(Method.java:566)
at org.openqa.selenium.support.pagefactory.internal.LocatingElementHandler.invoke(LocatingElementHandler.java:52)
at com.sun.proxy.$Proxy16.click(Unknown Source)
at model.Resttestcases.faqhit(Resttestcases.java:50)
at Flipkart.Flipkart.Rest_TestCase.faqcase(Rest_TestCase.java:37)
at java.base/jdk.internal.reflect.NativeMethodAccessorImpl.invoke0(Native Method)
at java.base/jdk.internal.reflect.NativeMethodAccessorImpl.invoke(NativeMethodAccessorImpl.java:62)
at java.base/jdk.internal.reflect.DelegatingMethodAccessorImpl.invoke(DelegatingMethodAccessorImpl.java:43)
at java.base/java.lang.reflect.Method.invoke(Method.java:566)
at org.testng.internal.invokers.MethodInvocationHelper.invokeMethod(MethodInvocationHelper.java:139)
at org.testng.internal.invokers.TestInvoker.invokeMethod(TestInvoker.java:677)
at org.testng.internal.invokers.TestInvoker.invokeTestMethod(TestInvoker.java:221)
at org.testng.internal.invokers.MethodRunner.runInSequence(MethodRunner.java:50)
at org.testng.internal.invokers.TestInvoker$MethodInvocationAgent.invoke(TestInvoker.java:962)
at org.testng.internal.invokers.TestInvoker.invokeTestMethods(TestInvoker.java:194)
at org.testng.internal.invokers.TestMethodWorker.invokeTestMethods(TestMethodWorker.java:148)
at org.testng.internal.invokers.TestMethodWorker.run(TestMethodWorker.java:128)
at java.base/java.util.ArrayList.forEach(ArrayList.java:1540)
at org.testng.TestRunner.privateRun(TestRunner.java:806)
at org.testng.TestRunner.run(TestRunner.java:601)
at org.testng.SuiteRunner.runTest(SuiteRunner.java:433)
at org.testng.SuiteRunner.runSequentially(SuiteRunner.java:427)
at org.testng.SuiteRunner.privateRun(SuiteRunner.java:387)
at org.testng.SuiteRunner.run(SuiteRunner.java:330)
at org.testng.SuiteRunnerWorker.runSuite(SuiteRunnerWorker.java:52)
at org.testng.SuiteRunnerWorker.run(SuiteRunnerWorker.java:95)
at org.testng.TestNG.runSuitesSequentially(TestNG.java:1256)
at org.testng.TestNG.runSuitesLocally(TestNG.java:1176)
at org.testng.TestNG.runSuites(TestNG.java:1099)
at org.testng.TestNG.run(TestNG.java:1067)
at org.apache.maven.surefire.testng.TestNGExecutor.run(TestNGExecutor.java:135)
at org.apache.maven.surefire.testng.TestNGDirectoryTestSuite.executeMulti(TestNGDirectoryTestSuite.java:193)
at org.apache.maven.surefire.testng.TestNGDirectoryTestSuite.execute(TestNGDirectoryTestSuite.java:94)
at org.apache.maven.surefire.testng.TestNGProvider.invoke(TestNGProvider.java:146)
at org.apache.maven.surefire.booter.ForkedBooter.invokeProviderInSameClassLoader(ForkedBooter.java:384)
at org.apache.maven.surefire.booter.ForkedBooter.runSuitesInProcess(ForkedBooter.java:345)
at org.apache.maven.surefire.booter.ForkedBooter.execute(ForkedBooter.java:126)
at org.apache.maven.surefire.booter.ForkedBooter.main(ForkedBooter.java:418)
]]>
            </full-stacktrace>
          </exception> <!-- org.openqa.selenium.ElementNotInteractableException -->
          <reporter-output>
          </reporter-output>
        </test-method> <!-- faqcase -->
        <test-method is-config="true" signature="CloseBrowser(org.testng.ITestResult)[pri:0, instance:Flipkart.Flipkart.Rest_TestCase@58e6d4b8]" started-at="2023-01-09T19:14:42 IST" name="CloseBrowser" finished-at="2023-01-09T19:14:42 IST" duration-ms="300" status="PASS">
          <params>
            <param index="0">
              <value>
                <![CDATA[[TestResult name=faqcase status=FAILURE method=Rest_TestCase.faqcase()[pri:0, instance:Flipkart.Flipkart.Rest_TestCase@58e6d4b8] output={null}]]]>
              </value>
            </param>
          </params>
          <reporter-output>
          </reporter-output>
        </test-method> <!-- CloseBrowser -->
        <test-method is-config="true" signature="Close()[pri:0, instance:Flipkart.Flipkart.Rest_TestCase@58e6d4b8]" started-at="2023-01-09T19:18:07 IST" name="Close" finished-at="2023-01-09T19:18:08 IST" duration-ms="1429" status="PASS">
          <reporter-output>
          </reporter-output>
        </test-method> <!-- Close -->
      </class> <!-- Flipkart.Flipkart.Rest_TestCase -->
      <class name="Flipkart.Flipkart.Test_10Footer">
        <test-method is-config="true" signature="launchurl(java.lang.reflect.Method)[pri:0, instance:Flipkart.Flipkart.Test_10Footer@77602954]" started-at="2023-01-09T19:15:45 IST" name="launchurl" finished-at="2023-01-09T19:15:46 IST" duration-ms="1358" status="PASS">
          <params>
            <param index="0">
              <value>
                <![CDATA[public void Flipkart.Flipkart.Test_10Footer.youtube() throws java.lang.InterruptedException]]>
              </value>
            </param>
          </params>
          <reporter-output>
          </reporter-output>
        </test-method> <!-- launchurl -->
        <test-method signature="youtube()[pri:0, instance:Flipkart.Flipkart.Test_10Footer@77602954]" started-at="2023-01-09T19:15:46 IST" name="youtube" finished-at="2023-01-09T19:16:04 IST" duration-ms="18099" status="PASS">
          <reporter-output>
          </reporter-output>
        </test-method> <!-- youtube -->
        <test-method is-config="true" signature="CloseBrowser(org.testng.ITestResult)[pri:0, instance:Flipkart.Flipkart.Test_10Footer@77602954]" started-at="2023-01-09T19:16:04 IST" name="CloseBrowser" finished-at="2023-01-09T19:16:04 IST" duration-ms="1" status="PASS">
          <params>
            <param index="0">
              <value>
                <![CDATA[[TestResult name=youtube status=SUCCESS method=Test_10Footer.youtube()[pri:0, instance:Flipkart.Flipkart.Test_10Footer@77602954] output={null}]]]>
              </value>
            </param>
          </params>
          <reporter-output>
          </reporter-output>
        </test-method> <!-- CloseBrowser -->
      </class> <!-- Flipkart.Flipkart.Test_10Footer -->
      <class name="Flipkart.Flipkart.Test_8LeftRight">
        <test-method is-config="true" signature="launchurl(java.lang.reflect.Method)[pri:0, instance:Flipkart.Flipkart.Test_8LeftRight@3fc9dfc5]" started-at="2023-01-09T19:16:48 IST" name="launchurl" finished-at="2023-01-09T19:16:50 IST" duration-ms="1204" status="PASS">
          <params>
            <param index="0">
              <value>
                <![CDATA[public void Flipkart.Flipkart.Test_8LeftRight.LRB() throws java.lang.InterruptedException]]>
              </value>
            </param>
          </params>
          <reporter-output>
          </reporter-output>
        </test-method> <!-- launchurl -->
        <test-method signature="LRB()[pri:0, instance:Flipkart.Flipkart.Test_8LeftRight@3fc9dfc5]" started-at="2023-01-09T19:16:50 IST" name="LRB" finished-at="2023-01-09T19:17:00 IST" duration-ms="10212" status="PASS">
          <reporter-output>
          </reporter-output>
        </test-method> <!-- LRB -->
        <test-method is-config="true" signature="CloseBrowser(org.testng.ITestResult)[pri:0, instance:Flipkart.Flipkart.Test_8LeftRight@3fc9dfc5]" started-at="2023-01-09T19:17:00 IST" name="CloseBrowser" finished-at="2023-01-09T19:17:00 IST" duration-ms="1" status="PASS">
          <params>
            <param index="0">
              <value>
                <![CDATA[[TestResult name=LRB status=SUCCESS method=Test_8LeftRight.LRB()[pri:0, instance:Flipkart.Flipkart.Test_8LeftRight@3fc9dfc5] output={null}]]]>
              </value>
            </param>
          </params>
          <reporter-output>
          </reporter-output>
        </test-method> <!-- CloseBrowser -->
      </class> <!-- Flipkart.Flipkart.Test_8LeftRight -->
      <class name="Flipkart.Flipkart.Test_7Mobile">
        <test-method is-config="true" signature="launchurl(java.lang.reflect.Method)[pri:0, instance:Flipkart.Flipkart.Test_7Mobile@7c56e013]" started-at="2023-01-09T19:16:44 IST" name="launchurl" finished-at="2023-01-09T19:16:45 IST" duration-ms="1450" status="PASS">
          <params>
            <param index="0">
              <value>
                <![CDATA[public void Flipkart.Flipkart.Test_7Mobile.mob() throws java.lang.InterruptedException]]>
              </value>
            </param>
          </params>
          <reporter-output>
          </reporter-output>
        </test-method> <!-- launchurl -->
        <test-method signature="mob()[pri:0, instance:Flipkart.Flipkart.Test_7Mobile@7c56e013]" started-at="2023-01-09T19:16:45 IST" name="mob" finished-at="2023-01-09T19:16:48 IST" duration-ms="3054" status="PASS">
          <reporter-output>
          </reporter-output>
        </test-method> <!-- mob -->
        <test-method is-config="true" signature="CloseBrowser(org.testng.ITestResult)[pri:0, instance:Flipkart.Flipkart.Test_7Mobile@7c56e013]" started-at="2023-01-09T19:16:48 IST" name="CloseBrowser" finished-at="2023-01-09T19:16:48 IST" duration-ms="0" status="PASS">
          <params>
            <param index="0">
              <value>
                <![CDATA[[TestResult name=mob status=SUCCESS method=Test_7Mobile.mob()[pri:0, instance:Flipkart.Flipkart.Test_7Mobile@7c56e013] output={null}]]]>
              </value>
            </param>
          </params>
          <reporter-output>
          </reporter-output>
        </test-method> <!-- CloseBrowser -->
      </class> <!-- Flipkart.Flipkart.Test_7Mobile -->
      <class name="Flipkart.Flipkart.Test_1VerifyTitle">
        <test-method is-config="true" signature="launchurl(java.lang.reflect.Method)[pri:0, instance:Flipkart.Flipkart.Test_1VerifyTitle@e260766]" started-at="2023-01-09T19:16:04 IST" name="launchurl" finished-at="2023-01-09T19:16:08 IST" duration-ms="3322" status="PASS">
          <params>
            <param index="0">
              <value>
                <![CDATA[public void Flipkart.Flipkart.Test_1VerifyTitle.verifyTitle()]]>
              </value>
            </param>
          </params>
          <reporter-output>
          </reporter-output>
        </test-method> <!-- launchurl -->
        <test-method signature="verifyTitle()[pri:1, instance:Flipkart.Flipkart.Test_1VerifyTitle@e260766]" started-at="2023-01-09T19:16:08 IST" name="verifyTitle" finished-at="2023-01-09T19:16:08 IST" duration-ms="18" status="PASS">
          <reporter-output>
          </reporter-output>
        </test-method> <!-- verifyTitle -->
        <test-method is-config="true" signature="CloseBrowser(org.testng.ITestResult)[pri:0, instance:Flipkart.Flipkart.Test_1VerifyTitle@e260766]" started-at="2023-01-09T19:16:08 IST" name="CloseBrowser" finished-at="2023-01-09T19:16:08 IST" duration-ms="0" status="PASS">
          <params>
            <param index="0">
              <value>
                <![CDATA[[TestResult name=verifyTitle status=SUCCESS method=Test_1VerifyTitle.verifyTitle()[pri:1, instance:Flipkart.Flipkart.Test_1VerifyTitle@e260766] output={null}]]]>
              </value>
            </param>
          </params>
          <reporter-output>
          </reporter-output>
        </test-method> <!-- CloseBrowser -->
        <test-method is-config="true" signature="launchurl(java.lang.reflect.Method)[pri:0, instance:Flipkart.Flipkart.Test_1VerifyTitle@e260766]" started-at="2023-01-09T19:16:08 IST" name="launchurl" finished-at="2023-01-09T19:16:09 IST" duration-ms="1132" status="PASS">
          <params>
            <param index="0">
              <value>
                <![CDATA[public void Flipkart.Flipkart.Test_1VerifyTitle.verifyLogo()]]>
              </value>
            </param>
          </params>
          <reporter-output>
          </reporter-output>
        </test-method> <!-- launchurl -->
        <test-method signature="verifyLogo()[pri:2, instance:Flipkart.Flipkart.Test_1VerifyTitle@e260766]" started-at="2023-01-09T19:16:09 IST" name="verifyLogo" finished-at="2023-01-09T19:16:09 IST" duration-ms="48" status="PASS">
          <reporter-output>
          </reporter-output>
        </test-method> <!-- verifyLogo -->
        <test-method is-config="true" signature="CloseBrowser(org.testng.ITestResult)[pri:0, instance:Flipkart.Flipkart.Test_1VerifyTitle@e260766]" started-at="2023-01-09T19:16:09 IST" name="CloseBrowser" finished-at="2023-01-09T19:16:09 IST" duration-ms="0" status="PASS">
          <params>
            <param index="0">
              <value>
                <![CDATA[[TestResult name=verifyLogo status=SUCCESS method=Test_1VerifyTitle.verifyLogo()[pri:2, instance:Flipkart.Flipkart.Test_1VerifyTitle@e260766] output={null}]]]>
              </value>
            </param>
          </params>
          <reporter-output>
          </reporter-output>
        </test-method> <!-- CloseBrowser -->
      </class> <!-- Flipkart.Flipkart.Test_1VerifyTitle -->
    </test> <!-- Surefire test -->
  </suite> <!-- Surefire suite -->
</testng-results>
